<?xml version="1.0" encoding="UTF-8"?>
<coverage generated="1646885843111" clover="3.2.0">
  <project timestamp="1646885843111" name="All files">
    <metrics statements="81" coveredstatements="81" conditionals="18" coveredconditionals="18" methods="14" coveredmethods="14" elements="113" coveredelements="113" complexity="0" loc="81" ncloc="81" packages="1" files="2" classes="2"/>
    <file name="enemy.js" path="/Users/zperez/Desktop/rpg/src/enemy.js">
      <metrics statements="10" coveredstatements="10" conditionals="0" coveredconditionals="0" methods="4" coveredmethods="4"/>
      <line num="3" count="12" type="stmt"/>
      <line num="4" count="12" type="stmt"/>
      <line num="5" count="12" type="stmt"/>
      <line num="6" count="12" type="stmt"/>
      <line num="7" count="12" type="stmt"/>
      <line num="12" count="2" type="stmt"/>
      <line num="16" count="9" type="stmt"/>
      <line num="22" count="1" type="stmt"/>
      <line num="23" count="1" type="stmt"/>
      <line num="24" count="1" type="stmt"/>
    </file>
    <file name="rpg.js" path="/Users/zperez/Desktop/rpg/src/rpg.js">
      <metrics statements="71" coveredstatements="71" conditionals="18" coveredconditionals="18" methods="10" coveredmethods="10"/>
      <line num="3" count="24" type="stmt"/>
      <line num="4" count="24" type="stmt"/>
      <line num="5" count="24" type="stmt"/>
      <line num="6" count="24" type="stmt"/>
      <line num="7" count="24" type="stmt"/>
      <line num="8" count="24" type="stmt"/>
      <line num="9" count="24" type="stmt"/>
      <line num="10" count="24" type="stmt"/>
      <line num="11" count="24" type="stmt"/>
      <line num="12" count="24" type="stmt"/>
      <line num="13" count="24" type="stmt"/>
      <line num="14" count="24" type="stmt"/>
      <line num="15" count="24" type="stmt"/>
      <line num="16" count="24" type="stmt"/>
      <line num="17" count="24" type="stmt"/>
      <line num="18" count="24" type="stmt"/>
      <line num="23" count="49" type="stmt"/>
      <line num="27" count="6" type="stmt"/>
      <line num="28" count="6" type="stmt"/>
      <line num="29" count="6" type="stmt"/>
      <line num="30" count="6" type="stmt"/>
      <line num="31" count="6" type="stmt"/>
      <line num="32" count="6" type="stmt"/>
      <line num="33" count="6" type="stmt"/>
      <line num="37" count="4" type="stmt"/>
      <line num="38" count="4" type="cond" truecount="4" falsecount="0"/>
      <line num="40" count="1" type="stmt"/>
      <line num="41" count="1" type="stmt"/>
      <line num="43" count="1" type="stmt"/>
      <line num="44" count="1" type="stmt"/>
      <line num="46" count="1" type="stmt"/>
      <line num="47" count="1" type="stmt"/>
      <line num="49" count="1" type="stmt"/>
      <line num="50" count="1" type="stmt"/>
      <line num="52" count="4" type="stmt"/>
      <line num="58" count="2" type="stmt"/>
      <line num="59" count="2" type="cond" truecount="2" falsecount="0"/>
      <line num="60" count="1" type="stmt"/>
      <line num="61" count="1" type="stmt"/>
      <line num="63" count="1" type="stmt"/>
      <line num="68" count="2" type="stmt"/>
      <line num="69" count="2" type="cond" truecount="2" falsecount="0"/>
      <line num="70" count="1" type="stmt"/>
      <line num="71" count="1" type="stmt"/>
      <line num="73" count="1" type="stmt"/>
      <line num="81" count="2" type="stmt"/>
      <line num="82" count="2" type="cond" truecount="2" falsecount="0"/>
      <line num="83" count="1" type="stmt"/>
      <line num="84" count="1" type="stmt"/>
      <line num="86" count="1" type="stmt"/>
      <line num="90" count="2" type="stmt"/>
      <line num="91" count="2" type="cond" truecount="2" falsecount="0"/>
      <line num="92" count="1" type="stmt"/>
      <line num="93" count="1" type="stmt"/>
      <line num="95" count="1" type="stmt"/>
      <line num="103" count="4" type="stmt"/>
      <line num="104" count="4" type="stmt"/>
      <line num="105" count="4" type="stmt"/>
      <line num="106" count="4" type="stmt"/>
      <line num="107" count="4" type="stmt"/>
      <line num="110" count="4" type="cond" truecount="2" falsecount="0"/>
      <line num="111" count="1" type="stmt"/>
      <line num="112" count="1" type="stmt"/>
      <line num="113" count="3" type="stmt"/>
      <line num="114" count="3" type="stmt"/>
      <line num="115" count="3" type="stmt"/>
      <line num="120" count="7" type="cond" truecount="2" falsecount="0"/>
      <line num="121" count="4" type="stmt"/>
      <line num="122" count="3" type="cond" truecount="2" falsecount="0"/>
      <line num="123" count="2" type="stmt"/>
      <line num="125" count="1" type="stmt"/>
    </file>
  </project>
</coverage>
