{"/Users/zperez/Desktop/rpg/src/enemy.js": {"path":"/Users/zperez/Desktop/rpg/src/enemy.js","statementMap":{"0":{"start":{"line":3,"column":4},"end":{"line":3,"column":19}},"1":{"start":{"line":4,"column":4},"end":{"line":4,"column":18}},"2":{"start":{"line":5,"column":4},"end":{"line":5,"column":16}},"3":{"start":{"line":6,"column":4},"end":{"line":6,"column":19}},"4":{"start":{"line":7,"column":4},"end":{"line":7,"column":19}},"5":{"start":{"line":12,"column":0},"end":{"line":12,"column":41}},"6":{"start":{"line":16,"column":4},"end":{"line":16,"column":46}},"7":{"start":{"line":22,"column":4},"end":{"line":22,"column":34}},"8":{"start":{"line":23,"column":4},"end":{"line":23,"column":44}},"9":{"start":{"line":24,"column":4},"end":{"line":24,"column":43}}},"fnMap":{"0":{"name":"(anonymous_0)","decl":{"start":{"line":2,"column":2},"end":{"line":2,"column":3}},"loc":{"start":{"line":2,"column":16},"end":{"line":8,"column":3}},"line":2},"1":{"name":"(anonymous_1)","decl":{"start":{"line":11,"column":2},"end":{"line":11,"column":3}},"loc":{"start":{"line":11,"column":14},"end":{"line":13,"column":3}},"line":11},"2":{"name":"(anonymous_2)","decl":{"start":{"line":15,"column":2},"end":{"line":15,"column":3}},"loc":{"start":{"line":15,"column":13},"end":{"line":17,"column":3}},"line":15},"3":{"name":"(anonymous_3)","decl":{"start":{"line":21,"column":2},"end":{"line":21,"column":3}},"loc":{"start":{"line":21,"column":19},"end":{"line":25,"column":3}},"line":21}},"branchMap":{},"s":{"0":12,"1":12,"2":12,"3":12,"4":12,"5":2,"6":9,"7":1,"8":1,"9":1},"f":{"0":12,"1":2,"2":9,"3":1},"b":{},"_coverageSchema":"43e27e138ebf9cfc5966b082cf9a028302ed4184","hash":"bf6e91d20ed3fcddea2020733212392170323cab"}
,"/Users/zperez/Desktop/rpg/src/rpg.js": {"path":"/Users/zperez/Desktop/rpg/src/rpg.js","statementMap":{"0":{"start":{"line":3,"column":2},"end":{"line":3,"column":17}},"1":{"start":{"line":4,"column":2},"end":{"line":4,"column":29}},"2":{"start":{"line":5,"column":2},"end":{"line":5,"column":15}},"3":{"start":{"line":6,"column":2},"end":{"line":6,"column":15}},"4":{"start":{"line":7,"column":2},"end":{"line":7,"column":15}},"5":{"start":{"line":8,"column":2},"end":{"line":8,"column":15}},"6":{"start":{"line":9,"column":2},"end":{"line":9,"column":15}},"7":{"start":{"line":10,"column":2},"end":{"line":10,"column":15}},"8":{"start":{"line":11,"column":2},"end":{"line":11,"column":14}},"9":{"start":{"line":12,"column":2},"end":{"line":12,"column":17}},"10":{"start":{"line":13,"column":2},"end":{"line":13,"column":17}},"11":{"start":{"line":14,"column":2},"end":{"line":14,"column":18}},"12":{"start":{"line":15,"column":2},"end":{"line":15,"column":17}},"13":{"start":{"line":16,"column":2},"end":{"line":16,"column":18}},"14":{"start":{"line":17,"column":2},"end":{"line":17,"column":18}},"15":{"start":{"line":18,"column":2},"end":{"line":18,"column":18}},"16":{"start":{"line":23,"column":2},"end":{"line":23,"column":44}},"17":{"start":{"line":27,"column":2},"end":{"line":27,"column":42}},"18":{"start":{"line":28,"column":2},"end":{"line":28,"column":29}},"19":{"start":{"line":29,"column":2},"end":{"line":29,"column":29}},"20":{"start":{"line":30,"column":2},"end":{"line":30,"column":29}},"21":{"start":{"line":31,"column":2},"end":{"line":31,"column":29}},"22":{"start":{"line":32,"column":2},"end":{"line":32,"column":29}},"23":{"start":{"line":33,"column":2},"end":{"line":33,"column":41}},"24":{"start":{"line":37,"column":2},"end":{"line":37,"column":25}},"25":{"start":{"line":38,"column":2},"end":{"line":51,"column":3}},"26":{"start":{"line":40,"column":6},"end":{"line":40,"column":21}},"27":{"start":{"line":41,"column":6},"end":{"line":41,"column":12}},"28":{"start":{"line":43,"column":6},"end":{"line":43,"column":21}},"29":{"start":{"line":44,"column":6},"end":{"line":44,"column":12}},"30":{"start":{"line":46,"column":6},"end":{"line":46,"column":21}},"31":{"start":{"line":47,"column":6},"end":{"line":47,"column":12}},"32":{"start":{"line":49,"column":6},"end":{"line":49,"column":21}},"33":{"start":{"line":50,"column":6},"end":{"line":50,"column":12}},"34":{"start":{"line":52,"column":2},"end":{"line":52,"column":23}},"35":{"start":{"line":58,"column":20},"end":{"line":58,"column":22}},"36":{"start":{"line":59,"column":2},"end":{"line":63,"column":19}},"37":{"start":{"line":60,"column":4},"end":{"line":60,"column":21}},"38":{"start":{"line":61,"column":4},"end":{"line":61,"column":43}},"39":{"start":{"line":63,"column":4},"end":{"line":63,"column":19}},"40":{"start":{"line":68,"column":19},"end":{"line":68,"column":21}},"41":{"start":{"line":69,"column":2},"end":{"line":73,"column":20}},"42":{"start":{"line":70,"column":6},"end":{"line":70,"column":23}},"43":{"start":{"line":71,"column":4},"end":{"line":71,"column":44}},"44":{"start":{"line":73,"column":4},"end":{"line":73,"column":20}},"45":{"start":{"line":81,"column":19},"end":{"line":81,"column":22}},"46":{"start":{"line":82,"column":2},"end":{"line":86,"column":21}},"47":{"start":{"line":83,"column":4},"end":{"line":83,"column":28}},"48":{"start":{"line":84,"column":4},"end":{"line":84,"column":28}},"49":{"start":{"line":86,"column":4},"end":{"line":86,"column":21}},"50":{"start":{"line":90,"column":20},"end":{"line":90,"column":23}},"51":{"start":{"line":91,"column":2},"end":{"line":95,"column":21}},"52":{"start":{"line":92,"column":4},"end":{"line":92,"column":29}},"53":{"start":{"line":93,"column":4},"end":{"line":93,"column":28}},"54":{"start":{"line":95,"column":4},"end":{"line":95,"column":21}},"55":{"start":{"line":103,"column":22},"end":{"line":103,"column":37}},"56":{"start":{"line":104,"column":18},"end":{"line":104,"column":34}},"57":{"start":{"line":105,"column":16},"end":{"line":105,"column":79}},"58":{"start":{"line":106,"column":26},"end":{"line":106,"column":59}},"59":{"start":{"line":107,"column":27},"end":{"line":107,"column":48}},"60":{"start":{"line":110,"column":0},"end":{"line":113,"column":52}},"61":{"start":{"line":111,"column":2},"end":{"line":111,"column":59}},"62":{"start":{"line":112,"column":2},"end":{"line":112,"column":31}},"63":{"start":{"line":113,"column":7},"end":{"line":113,"column":52}},"64":{"start":{"line":114,"column":2},"end":{"line":114,"column":58}},"65":{"start":{"line":115,"column":2},"end":{"line":115,"column":31}},"66":{"start":{"line":120,"column":2},"end":{"line":126,"column":1}},"67":{"start":{"line":121,"column":4},"end":{"line":121,"column":47}},"68":{"start":{"line":122,"column":9},"end":{"line":126,"column":1}},"69":{"start":{"line":123,"column":4},"end":{"line":123,"column":45}},"70":{"start":{"line":125,"column":4},"end":{"line":125,"column":30}}},"fnMap":{"0":{"name":"(anonymous_0)","decl":{"start":{"line":2,"column":2},"end":{"line":2,"column":3}},"loc":{"start":{"line":2,"column":16},"end":{"line":20,"column":1}},"line":2},"1":{"name":"(anonymous_1)","decl":{"start":{"line":22,"column":0},"end":{"line":22,"column":1}},"loc":{"start":{"line":22,"column":11},"end":{"line":24,"column":1}},"line":22},"2":{"name":"(anonymous_2)","decl":{"start":{"line":26,"column":0},"end":{"line":26,"column":1}},"loc":{"start":{"line":26,"column":16},"end":{"line":34,"column":1}},"line":26},"3":{"name":"(anonymous_3)","decl":{"start":{"line":36,"column":0},"end":{"line":36,"column":1}},"loc":{"start":{"line":36,"column":22},"end":{"line":53,"column":1}},"line":36},"4":{"name":"(anonymous_4)","decl":{"start":{"line":57,"column":0},"end":{"line":57,"column":1}},"loc":{"start":{"line":57,"column":15},"end":{"line":64,"column":3}},"line":57},"5":{"name":"(anonymous_5)","decl":{"start":{"line":67,"column":0},"end":{"line":67,"column":1}},"loc":{"start":{"line":67,"column":12},"end":{"line":74,"column":1}},"line":67},"6":{"name":"(anonymous_6)","decl":{"start":{"line":80,"column":0},"end":{"line":80,"column":1}},"loc":{"start":{"line":80,"column":11},"end":{"line":87,"column":1}},"line":80},"7":{"name":"(anonymous_7)","decl":{"start":{"line":89,"column":0},"end":{"line":89,"column":1}},"loc":{"start":{"line":89,"column":12},"end":{"line":96,"column":1}},"line":89},"8":{"name":"(anonymous_8)","decl":{"start":{"line":102,"column":0},"end":{"line":102,"column":1}},"loc":{"start":{"line":102,"column":14},"end":{"line":117,"column":1}},"line":102},"9":{"name":"(anonymous_9)","decl":{"start":{"line":119,"column":0},"end":{"line":119,"column":1}},"loc":{"start":{"line":119,"column":17},"end":{"line":128,"column":1}},"line":119}},"branchMap":{"0":{"loc":{"start":{"line":38,"column":2},"end":{"line":51,"column":3}},"type":"switch","locations":[{"start":{"line":39,"column":4},"end":{"line":41,"column":12}},{"start":{"line":42,"column":4},"end":{"line":44,"column":12}},{"start":{"line":45,"column":4},"end":{"line":47,"column":12}},{"start":{"line":48,"column":4},"end":{"line":50,"column":12}}],"line":38},"1":{"loc":{"start":{"line":59,"column":2},"end":{"line":63,"column":19}},"type":"if","locations":[{"start":{"line":59,"column":2},"end":{"line":63,"column":19}},{"start":{"line":59,"column":2},"end":{"line":63,"column":19}}],"line":59},"2":{"loc":{"start":{"line":69,"column":2},"end":{"line":73,"column":20}},"type":"if","locations":[{"start":{"line":69,"column":2},"end":{"line":73,"column":20}},{"start":{"line":69,"column":2},"end":{"line":73,"column":20}}],"line":69},"3":{"loc":{"start":{"line":82,"column":2},"end":{"line":86,"column":21}},"type":"if","locations":[{"start":{"line":82,"column":2},"end":{"line":86,"column":21}},{"start":{"line":82,"column":2},"end":{"line":86,"column":21}}],"line":82},"4":{"loc":{"start":{"line":91,"column":2},"end":{"line":95,"column":21}},"type":"if","locations":[{"start":{"line":91,"column":2},"end":{"line":95,"column":21}},{"start":{"line":91,"column":2},"end":{"line":95,"column":21}}],"line":91},"5":{"loc":{"start":{"line":110,"column":0},"end":{"line":113,"column":52}},"type":"if","locations":[{"start":{"line":110,"column":0},"end":{"line":113,"column":52}},{"start":{"line":110,"column":0},"end":{"line":113,"column":52}}],"line":110},"6":{"loc":{"start":{"line":120,"column":2},"end":{"line":126,"column":1}},"type":"if","locations":[{"start":{"line":120,"column":2},"end":{"line":126,"column":1}},{"start":{"line":120,"column":2},"end":{"line":126,"column":1}}],"line":120},"7":{"loc":{"start":{"line":122,"column":9},"end":{"line":126,"column":1}},"type":"if","locations":[{"start":{"line":122,"column":9},"end":{"line":126,"column":1}},{"start":{"line":122,"column":9},"end":{"line":126,"column":1}}],"line":122}},"s":{"0":24,"1":24,"2":24,"3":24,"4":24,"5":24,"6":24,"7":24,"8":24,"9":24,"10":24,"11":24,"12":24,"13":24,"14":24,"15":24,"16":49,"17":6,"18":6,"19":6,"20":6,"21":6,"22":6,"23":6,"24":4,"25":4,"26":1,"27":1,"28":1,"29":1,"30":1,"31":1,"32":1,"33":1,"34":4,"35":2,"36":2,"37":1,"38":1,"39":1,"40":2,"41":2,"42":1,"43":1,"44":1,"45":2,"46":2,"47":1,"48":1,"49":1,"50":2,"51":2,"52":1,"53":1,"54":1,"55":4,"56":4,"57":4,"58":4,"59":4,"60":4,"61":1,"62":1,"63":3,"64":3,"65":3,"66":7,"67":4,"68":3,"69":2,"70":1},"f":{"0":24,"1":49,"2":6,"3":4,"4":2,"5":2,"6":2,"7":2,"8":4,"9":7},"b":{"0":[1,1,1,1],"1":[1,1],"2":[1,1],"3":[1,1],"4":[1,1],"5":[1,3],"6":[4,3],"7":[2,1]},"_coverageSchema":"43e27e138ebf9cfc5966b082cf9a028302ed4184","hash":"e03f2c8e8a0f37a24737db8b360392dae376d6d1"}
}
