TN:
SF:/Users/zperez/Desktop/rpg/src/enemy.js
FN:2,(anonymous_0)
FN:11,(anonymous_1)
FN:15,(anonymous_2)
FN:21,(anonymous_3)
FNF:4
FNH:4
FNDA:12,(anonymous_0)
FNDA:2,(anonymous_1)
FNDA:9,(anonymous_2)
FNDA:1,(anonymous_3)
DA:3,12
DA:4,12
DA:5,12
DA:6,12
DA:7,12
DA:12,2
DA:16,9
DA:22,1
DA:23,1
DA:24,1
LF:10
LH:10
BRF:0
BRH:0
end_of_record
TN:
SF:/Users/zperez/Desktop/rpg/src/rpg.js
FN:2,(anonymous_0)
FN:22,(anonymous_1)
FN:26,(anonymous_2)
FN:36,(anonymous_3)
FN:57,(anonymous_4)
FN:67,(anonymous_5)
FN:80,(anonymous_6)
FN:89,(anonymous_7)
FN:102,(anonymous_8)
FN:119,(anonymous_9)
FNF:10
FNH:10
FNDA:24,(anonymous_0)
FNDA:49,(anonymous_1)
FNDA:6,(anonymous_2)
FNDA:4,(anonymous_3)
FNDA:2,(anonymous_4)
FNDA:2,(anonymous_5)
FNDA:2,(anonymous_6)
FNDA:2,(anonymous_7)
FNDA:4,(anonymous_8)
FNDA:7,(anonymous_9)
DA:3,24
DA:4,24
DA:5,24
DA:6,24
DA:7,24
DA:8,24
DA:9,24
DA:10,24
DA:11,24
DA:12,24
DA:13,24
DA:14,24
DA:15,24
DA:16,24
DA:17,24
DA:18,24
DA:23,49
DA:27,6
DA:28,6
DA:29,6
DA:30,6
DA:31,6
DA:32,6
DA:33,6
DA:37,4
DA:38,4
DA:40,1
DA:41,1
DA:43,1
DA:44,1
DA:46,1
DA:47,1
DA:49,1
DA:50,1
DA:52,4
DA:58,2
DA:59,2
DA:60,1
DA:61,1
DA:63,1
DA:68,2
DA:69,2
DA:70,1
DA:71,1
DA:73,1
DA:81,2
DA:82,2
DA:83,1
DA:84,1
DA:86,1
DA:90,2
DA:91,2
DA:92,1
DA:93,1
DA:95,1
DA:103,4
DA:104,4
DA:105,4
DA:106,4
DA:107,4
DA:110,4
DA:111,1
DA:112,1
DA:113,3
DA:114,3
DA:115,3
DA:120,7
DA:121,4
DA:122,3
DA:123,2
DA:125,1
LF:71
LH:71
BRDA:38,0,0,1
BRDA:38,0,1,1
BRDA:38,0,2,1
BRDA:38,0,3,1
BRDA:59,1,0,1
BRDA:59,1,1,1
BRDA:69,2,0,1
BRDA:69,2,1,1
BRDA:82,3,0,1
BRDA:82,3,1,1
BRDA:91,4,0,1
BRDA:91,4,1,1
BRDA:110,5,0,1
BRDA:110,5,1,3
BRDA:120,6,0,4
BRDA:120,6,1,3
BRDA:122,7,0,2
BRDA:122,7,1,1
BRF:18
BRH:18
end_of_record
